<?xml version="1.0" encoding="UTF-8"?>
<!-- Generated by org.testng.reporters.JUnitXMLReporter -->
<testsuite ignored="0" hostname="HAPPY" failures="0" tests="7" name="Test" time="68.091" errors="0" timestamp="2024-10-05T20:43:12 IST">
  <testcase classname="testCases.Tc_001AccountRegistationTest" name="verify_account_registration" time="3.005"/>
  <testcase classname="testCases.TC_002_LoginTest" name="verify_Login" time="1.903"/>
  <testcase classname="testCases.TC_003LoginDDT" name="verify_LoginDDT" time="2.732"/>
  <testcase classname="testCases.TC_003LoginDDT" name="verify_LoginDDT" time="10.725"/>
  <testcase classname="testCases.TC_003LoginDDT" name="verify_LoginDDT" time="11.631"/>
  <testcase classname="testCases.TC_003LoginDDT" name="verify_LoginDDT" time="12.414"/>
  <testcase classname="testCases.TC_003LoginDDT" name="verify_LoginDDT" time="3.009"/>
</testsuite> <!-- Test -->
