<?xml version="1.0" encoding="UTF-8"?>
<!-- Generated by org.testng.reporters.JUnitXMLReporter -->
<testsuite ignored="0" hostname="HAPPY" failures="0" tests="7" name="Test" time="61.752" errors="0" timestamp="2024-10-04T12:27:41 IST">
  <testcase classname="testCases.Tc_001AccountRegistationTest" name="verify_account_registration" time="4.563"/>
  <testcase classname="testCases.TC_002_LoginTest" name="verify_Login" time="2.031"/>
  <testcase classname="testCases.TC_003LoginDDT" name="verify_LoginDDT" time="2.942"/>
  <testcase classname="testCases.TC_003LoginDDT" name="verify_LoginDDT" time="11.37"/>
  <testcase classname="testCases.TC_003LoginDDT" name="verify_LoginDDT" time="12.136"/>
  <testcase classname="testCases.TC_003LoginDDT" name="verify_LoginDDT" time="12.074"/>
  <testcase classname="testCases.TC_003LoginDDT" name="verify_LoginDDT" time="2.514"/>
</testsuite> <!-- Test -->
