<?xml version="1.0" encoding="UTF-8"?>
<testng-results ignored="0" total="7" passed="6" failed="1" skipped="0">
  <reporter-output>
  </reporter-output>
  <suite started-at="2024-10-04T14:28:10 IST" name="Master Suite" finished-at="2024-10-04T14:29:29 IST" duration-ms="79446">
    <groups>
      <group name="Master">
        <method signature="TC_002_LoginTest.verify_Login()[pri:0, instance:testCases.TC_002_LoginTest@6aa3a905]" name="verify_Login" class="testCases.TC_002_LoginTest"/>
        <method signature="Tc_001AccountRegistationTest.verify_account_registration()[pri:0, instance:testCases.Tc_001AccountRegistationTest@253d9f73]" name="verify_account_registration" class="testCases.Tc_001AccountRegistationTest"/>
      </group> <!-- Master -->
      <group name="Regression">
        <method signature="Tc_001AccountRegistationTest.verify_account_registration()[pri:0, instance:testCases.Tc_001AccountRegistationTest@253d9f73]" name="verify_account_registration" class="testCases.Tc_001AccountRegistationTest"/>
      </group> <!-- Regression -->
      <group name="sanity">
        <method signature="TC_002_LoginTest.verify_Login()[pri:0, instance:testCases.TC_002_LoginTest@6aa3a905]" name="verify_Login" class="testCases.TC_002_LoginTest"/>
      </group> <!-- sanity -->
      <group name="Data Driven">
        <method signature="TC_003LoginDDT.verify_LoginDDT(java.lang.String,java.lang.String,java.lang.String)[pri:0, instance:testCases.TC_003LoginDDT@a22cb6a]" name="verify_LoginDDT" class="testCases.TC_003LoginDDT"/>
      </group> <!-- Data Driven -->
    </groups>
    <test started-at="2024-10-04T14:28:10 IST" name="Test" finished-at="2024-10-04T14:29:29 IST" duration-ms="79446">
      <class name="testCases.TC_002_LoginTest">
        <test-method is-config="true" signature="setup(java.lang.String,java.lang.String)[pri:0, instance:testCases.TC_002_LoginTest@6aa3a905]" started-at="2024-10-04T14:28:26 IST" name="setup" finished-at="2024-10-04T14:28:30 IST" duration-ms="3726" status="PASS">
          <params>
            <param index="0">
              <value>
                <![CDATA[windows]]>
              </value>
            </param>
            <param index="1">
              <value>
                <![CDATA[chrome]]>
              </value>
            </param>
          </params>
          <reporter-output>
          </reporter-output>
        </test-method> <!-- setup -->
        <test-method signature="verify_Login()[pri:0, instance:testCases.TC_002_LoginTest@6aa3a905]" started-at="2024-10-04T14:28:30 IST" name="verify_Login" finished-at="2024-10-04T14:28:43 IST" duration-ms="12729" status="FAIL">
          <exception class="java.lang.AssertionError">
            <message>
              <![CDATA[expected [true] but found [false]]]>
            </message>
            <full-stacktrace>
              <![CDATA[java.lang.AssertionError: expected [true] but found [false]
at org.testng.Assert.fail(Assert.java:111)
at org.testng.Assert.failNotEquals(Assert.java:1578)
at org.testng.Assert.assertTrue(Assert.java:57)
at org.testng.Assert.assertTrue(Assert.java:67)
at testCases.TC_002_LoginTest.verify_Login(TC_002_LoginTest.java:36)
at java.base/jdk.internal.reflect.DirectMethodHandleAccessor.invoke(DirectMethodHandleAccessor.java:103)
at java.base/java.lang.reflect.Method.invoke(Method.java:580)
at org.testng.internal.invokers.MethodInvocationHelper.invokeMethod(MethodInvocationHelper.java:141)
at org.testng.internal.invokers.TestInvoker.invokeMethod(TestInvoker.java:686)
at org.testng.internal.invokers.TestInvoker.invokeTestMethod(TestInvoker.java:230)
at org.testng.internal.invokers.MethodRunner.runInSequence(MethodRunner.java:63)
at org.testng.internal.invokers.TestInvoker$MethodInvocationAgent.invoke(TestInvoker.java:992)
at org.testng.internal.invokers.TestInvoker.invokeTestMethods(TestInvoker.java:203)
at org.testng.internal.invokers.TestMethodWorker.invokeTestMethods(TestMethodWorker.java:154)
at org.testng.internal.invokers.TestMethodWorker.run(TestMethodWorker.java:134)
at java.base/java.util.ArrayList.forEach(ArrayList.java:1597)
at org.testng.TestRunner.privateRun(TestRunner.java:739)
at org.testng.TestRunner.run(TestRunner.java:614)
at org.testng.SuiteRunner.runTest(SuiteRunner.java:421)
at org.testng.SuiteRunner.runSequentially(SuiteRunner.java:413)
at org.testng.SuiteRunner.privateRun(SuiteRunner.java:373)
at org.testng.SuiteRunner.run(SuiteRunner.java:312)
at org.testng.SuiteRunnerWorker.runSuite(SuiteRunnerWorker.java:52)
at org.testng.SuiteRunnerWorker.run(SuiteRunnerWorker.java:95)
at org.testng.TestNG.runSuitesSequentially(TestNG.java:1274)
at org.testng.TestNG.runSuitesLocally(TestNG.java:1208)
at org.testng.TestNG.runSuites(TestNG.java:1112)
at org.testng.TestNG.run(TestNG.java:1079)
at org.testng.remote.AbstractRemoteTestNG.run(AbstractRemoteTestNG.java:115)
at org.testng.remote.RemoteTestNG.initAndRun(RemoteTestNG.java:293)
at org.testng.remote.RemoteTestNG.main(RemoteTestNG.java:91)
]]>
            </full-stacktrace>
          </exception> <!-- java.lang.AssertionError -->
          <reporter-output>
          </reporter-output>
        </test-method> <!-- verify_Login -->
        <test-method is-config="true" signature="teardown()[pri:0, instance:testCases.TC_002_LoginTest@6aa3a905]" started-at="2024-10-04T14:28:43 IST" name="teardown" finished-at="2024-10-04T14:28:43 IST" duration-ms="221" status="PASS">
          <reporter-output>
          </reporter-output>
        </test-method> <!-- teardown -->
      </class> <!-- testCases.TC_002_LoginTest -->
      <class name="testCases.Tc_001AccountRegistationTest">
        <test-method is-config="true" signature="setup(java.lang.String,java.lang.String)[pri:0, instance:testCases.Tc_001AccountRegistationTest@253d9f73]" started-at="2024-10-04T14:28:10 IST" name="setup" finished-at="2024-10-04T14:28:21 IST" duration-ms="11247" status="PASS">
          <params>
            <param index="0">
              <value>
                <![CDATA[windows]]>
              </value>
            </param>
            <param index="1">
              <value>
                <![CDATA[chrome]]>
              </value>
            </param>
          </params>
          <reporter-output>
          </reporter-output>
        </test-method> <!-- setup -->
        <test-method signature="verify_account_registration()[pri:0, instance:testCases.Tc_001AccountRegistationTest@253d9f73]" started-at="2024-10-04T14:28:21 IST" name="verify_account_registration" finished-at="2024-10-04T14:28:26 IST" duration-ms="4631" status="PASS">
          <reporter-output>
          </reporter-output>
        </test-method> <!-- verify_account_registration -->
        <test-method is-config="true" signature="teardown()[pri:0, instance:testCases.Tc_001AccountRegistationTest@253d9f73]" started-at="2024-10-04T14:28:26 IST" name="teardown" finished-at="2024-10-04T14:28:26 IST" duration-ms="335" status="PASS">
          <reporter-output>
          </reporter-output>
        </test-method> <!-- teardown -->
      </class> <!-- testCases.Tc_001AccountRegistationTest -->
      <class name="testCases.TC_003LoginDDT">
        <test-method is-config="true" signature="setup(java.lang.String,java.lang.String)[pri:0, instance:testCases.TC_003LoginDDT@a22cb6a]" started-at="2024-10-04T14:28:43 IST" name="setup" finished-at="2024-10-04T14:28:48 IST" duration-ms="4738" status="PASS">
          <params>
            <param index="0">
              <value>
                <![CDATA[windows]]>
              </value>
            </param>
            <param index="1">
              <value>
                <![CDATA[chrome]]>
              </value>
            </param>
          </params>
          <reporter-output>
          </reporter-output>
        </test-method> <!-- setup -->
        <test-method signature="verify_LoginDDT(java.lang.String,java.lang.String,java.lang.String)[pri:0, instance:testCases.TC_003LoginDDT@a22cb6a]" started-at="2024-10-04T14:28:49 IST" name="verify_LoginDDT" data-provider="LoginData" finished-at="2024-10-04T14:28:52 IST" duration-ms="2873" status="PASS">
          <params>
            <param index="0">
              <value>
                <![CDATA[tracy12@gmail.com]]>
              </value>
            </param>
            <param index="1">
              <value>
                <![CDATA[Tracy@321]]>
              </value>
            </param>
            <param index="2">
              <value>
                <![CDATA[Valid]]>
              </value>
            </param>
          </params>
          <reporter-output>
          </reporter-output>
        </test-method> <!-- verify_LoginDDT -->
        <test-method signature="verify_LoginDDT(java.lang.String,java.lang.String,java.lang.String)[pri:0, instance:testCases.TC_003LoginDDT@a22cb6a]" started-at="2024-10-04T14:28:52 IST" name="verify_LoginDDT" data-provider="LoginData" finished-at="2024-10-04T14:29:04 IST" duration-ms="11282" status="PASS">
          <params>
            <param index="0">
              <value>
                <![CDATA[Aman]]>
              </value>
            </param>
            <param index="1">
              <value>
                <![CDATA[aman]]>
              </value>
            </param>
            <param index="2">
              <value>
                <![CDATA[Invalid]]>
              </value>
            </param>
          </params>
          <reporter-output>
          </reporter-output>
        </test-method> <!-- verify_LoginDDT -->
        <test-method signature="verify_LoginDDT(java.lang.String,java.lang.String,java.lang.String)[pri:0, instance:testCases.TC_003LoginDDT@a22cb6a]" started-at="2024-10-04T14:29:04 IST" name="verify_LoginDDT" data-provider="LoginData" finished-at="2024-10-04T14:29:15 IST" duration-ms="11441" status="PASS">
          <params>
            <param index="0">
              <value>
                <![CDATA[Suresh]]>
              </value>
            </param>
            <param index="1">
              <value>
                <![CDATA[suresh]]>
              </value>
            </param>
            <param index="2">
              <value>
                <![CDATA[Invalid]]>
              </value>
            </param>
          </params>
          <reporter-output>
          </reporter-output>
        </test-method> <!-- verify_LoginDDT -->
        <test-method signature="verify_LoginDDT(java.lang.String,java.lang.String,java.lang.String)[pri:0, instance:testCases.TC_003LoginDDT@a22cb6a]" started-at="2024-10-04T14:29:15 IST" name="verify_LoginDDT" data-provider="LoginData" finished-at="2024-10-04T14:29:26 IST" duration-ms="11386" status="PASS">
          <params>
            <param index="0">
              <value>
                <![CDATA[Dinesh]]>
              </value>
            </param>
            <param index="1">
              <value>
                <![CDATA[dinesh]]>
              </value>
            </param>
            <param index="2">
              <value>
                <![CDATA[Invalid]]>
              </value>
            </param>
          </params>
          <reporter-output>
          </reporter-output>
        </test-method> <!-- verify_LoginDDT -->
        <test-method signature="verify_LoginDDT(java.lang.String,java.lang.String,java.lang.String)[pri:0, instance:testCases.TC_003LoginDDT@a22cb6a]" started-at="2024-10-04T14:29:26 IST" name="verify_LoginDDT" data-provider="LoginData" finished-at="2024-10-04T14:29:29 IST" duration-ms="2546" status="PASS">
          <params>
            <param index="0">
              <value>
                <![CDATA[singhhappysinghhappy12@gmail.com]]>
              </value>
            </param>
            <param index="1">
              <value>
                <![CDATA[Tracy@321]]>
              </value>
            </param>
            <param index="2">
              <value>
                <![CDATA[Valid]]>
              </value>
            </param>
          </params>
          <reporter-output>
          </reporter-output>
        </test-method> <!-- verify_LoginDDT -->
        <test-method is-config="true" signature="teardown()[pri:0, instance:testCases.TC_003LoginDDT@a22cb6a]" started-at="2024-10-04T14:29:29 IST" name="teardown" finished-at="2024-10-04T14:29:29 IST" duration-ms="232" status="PASS">
          <reporter-output>
          </reporter-output>
        </test-method> <!-- teardown -->
      </class> <!-- testCases.TC_003LoginDDT -->
    </test> <!-- Test -->
  </suite> <!-- Master Suite -->
</testng-results>
